2018-02-07T14:12:57.861Z - normal: Load ~/.CocosCreator/settings.json
2018-02-07T14:12:57.865Z - normal: checking language setting...
2018-02-07T14:12:57.865Z - normal: Language: zh
2018-02-07T14:12:58.438Z - success: protocol editor-framework registered
2018-02-07T14:12:58.439Z - success: protocol app registered
2018-02-07T14:12:58.439Z - success: protocol theme registered
2018-02-07T14:12:58.439Z - success: protocol profile registered
2018-02-07T14:12:58.439Z - success: protocol packages registered
2018-02-07T14:12:58.442Z - success: protocol unpack registerred
2018-02-07T14:12:58.442Z - success: protocol disable-commonjs registerred
2018-02-07T14:12:58.795Z - normal: connected!
2018-02-07T14:12:58.799Z - normal: Check project /Users/xuwen/CoolRun
2018-02-07T14:12:58.801Z - normal: Initializing Cocos2d
2018-02-07T14:12:58.961Z - normal: Initializing Asset Database
2018-02-07T14:12:58.988Z - success: protocol uuid registerred
2018-02-07T14:12:58.988Z - success: protocol db registerred
2018-02-07T14:12:58.989Z - success: protocol thumbnail registerred
2018-02-07T14:12:58.989Z - normal: Loading editor/builtin packages
2018-02-07T14:12:59.008Z - success: anysdk loaded
2018-02-07T14:12:59.129Z - success: assets loaded
2018-02-07T14:12:59.133Z - success: builder loaded
2018-02-07T14:12:59.138Z - success: hierarchy loaded
2018-02-07T14:12:59.142Z - success: inspector loaded
2018-02-07T14:12:59.143Z - success: keystore loaded
2018-02-07T14:12:59.147Z - success: node-library loaded
2018-02-07T14:12:59.149Z - success: package-asset loaded
2018-02-07T14:12:59.151Z - success: preferences loaded
2018-02-07T14:12:59.154Z - success: project-exporter loaded
2018-02-07T14:12:59.167Z - success: project-importer loaded
2018-02-07T14:12:59.171Z - success: project-settings loaded
2018-02-07T14:12:59.175Z - success: ui-kit loaded
2018-02-07T14:12:59.182Z - success: ui-grid loaded
2018-02-07T14:12:59.188Z - success: scene loaded
2018-02-07T14:12:59.190Z - success: sprite-editor loaded
2018-02-07T14:12:59.194Z - success: store loaded
2018-02-07T14:12:59.200Z - success: timeline loaded
2018-02-07T14:12:59.200Z - normal: Loading builtin packages
2018-02-07T14:12:59.204Z - success: asset-db-debugger loaded
2018-02-07T14:12:59.205Z - success: color-picker loaded
2018-02-07T14:12:59.211Z - success: console loaded
2018-02-07T14:12:59.215Z - success: package-manager loaded
2018-02-07T14:12:59.220Z - success: sdkbox loaded
2018-02-07T14:12:59.224Z - success: tester loaded
2018-02-07T14:12:59.229Z - success: ui-kit-preview-extra loaded
2018-02-07T14:12:59.232Z - success: ui-kit-preview loaded
2018-02-07T14:12:59.236Z - success: ui-tree loaded
2018-02-07T14:12:59.992Z - normal: Initializing project /Users/xuwen/CoolRun
2018-02-07T14:13:00.000Z - normal: Loading packages
2018-02-07T14:13:00.007Z - normal: Watching packages
2018-02-07T14:13:00.020Z - normal: Run Application
2018-02-07T14:13:00.611Z - success: preview server running at http://localhost:7458
2018-02-07T14:13:04.523Z - normal: 1.6.2
2018-02-07T14:13:07.857Z - normal: Simulator: WORKAREA WIDTH 1440.00, HEIGHT 810.00
2018-02-07T14:13:07.858Z - normal: Simulator: FRAME SCALE = 1.00
2018-02-07T14:13:07.863Z - normal: Simulator: GLFWError #65544 Happen, Cocoa: Failed to retrieve display name
2018-02-07T14:13:07.865Z - normal: Simulator: GLFWError #65544 Happen, Cocoa: Failed to retrieve display name
2018-02-07T14:13:07.865Z - normal: Simulator: GLFWError #65544 Happen, Cocoa: Failed to retrieve display name
2018-02-07T14:13:07.940Z - normal: Simulator: 
2018-02-07T14:13:07.941Z - normal: Simulator: {
2018-02-07T14:13:07.941Z - normal: Simulator: 	gl.supports_OES_map_buffer: false
2018-02-07T14:13:07.941Z - normal: Simulator: 	gl.supports_vertex_array_object: true
2018-02-07T14:13:07.958Z - normal: Simulator: 	cocos2d.x.version: 1.6.2
2018-02-07T14:13:07.959Z - normal: Simulator: 	gl.vendor: ATI Technologies Inc.
2018-02-07T14:13:07.959Z - normal: Simulator: 	gl.supports_PVRTC: false
2018-02-07T14:13:07.960Z - normal: Simulator: 	gl.renderer: AMD Radeon Pro 460 OpenGL Engine
2018-02-07T14:13:07.960Z - normal: Simulator: 	cocos2d.x.compiled_with_profiler: false
2018-02-07T14:13:07.960Z - normal: Simulator: 	gl.max_texture_size: 16384
2018-02-07T14:13:07.961Z - normal: Simulator: 	gl.supports_ETC1: false
2018-02-07T14:13:07.961Z - normal: Simulator: 	gl.supports_BGRA8888: false
2018-02-07T14:13:07.961Z - normal: Simulator: 	cocos2d.x.build_type: DEBUG
2018-02-07T14:13:07.962Z - normal: Simulator: 	gl.max_texture_units: 16
2018-02-07T14:13:07.962Z - normal: Simulator: 	gl.supports_OES_packed_depth_stencil: false
2018-02-07T14:13:07.962Z - normal: Simulator: 	gl.supports_discard_framebuffer: false
2018-02-07T14:13:07.963Z - normal: Simulator: 	gl.supports_NPOT: true
2018-02-07T14:13:07.963Z - normal: Simulator: 	gl.version: 2.1 ATI-1.60.26
2018-02-07T14:13:07.963Z - normal: Simulator: 	cocos2d.x.compiled_with_gl_state_cache: true
2018-02-07T14:13:07.964Z - normal: Simulator: 	gl.supports_OES_depth24: false
2018-02-07T14:13:07.964Z - normal: Simulator: }
2018-02-07T14:13:07.964Z - normal: Simulator: 
2018-02-07T14:13:07.965Z - normal: Simulator: 
2018-02-07T14:13:07.965Z - normal: Simulator: cocos2d: warning, Director::setProjection() failed because size is 0
2018-02-07T14:13:07.989Z - normal: Simulator: Project Config:
2018-02-07T14:13:07.989Z - normal: Simulator:     project dir: /Applications/CocosCreator.app/Contents/Resources/cocos2d-x/simulator/mac/Simulator.app/Contents/Resources/
2018-02-07T14:13:07.990Z - normal: Simulator:     writable path: $(PROJDIR)/
2018-02-07T14:13:07.990Z - normal: Simulator:     script file: $(PROJDIR)/main.js
2018-02-07T14:13:07.990Z - normal: Simulator:     frame size: 960 x 640
2018-02-07T14:13:07.990Z - normal: Simulator:     frame scale: 1.00
2018-02-07T14:13:07.991Z - normal: Simulator:     show console: NO
2018-02-07T14:13:07.991Z - normal: Simulator:     write debug log: NO ()
2018-02-07T14:13:07.991Z - normal: Simulator:     listen: 
2018-02-07T14:13:07.992Z - normal: Simulator:     debugger: none
2018-02-07T14:13:07.992Z - normal: Simulator:     add searching path:
2018-02-07T14:13:07.994Z - normal: Simulator: ------------------------------------------------
2018-02-07T14:13:07.995Z - normal: Simulator: LOAD Js FILE: main.js
2018-02-07T14:13:07.995Z - normal: Simulator: ------------------------------------------------
2018-02-07T14:13:08.080Z - normal: Simulator: Cocos2d-x-lite v1.6.0
2018-02-07T14:13:08.343Z - normal: Simulator: iShow!
2018-02-07T14:13:08.572Z - normal: Simulator: InitScene: 1.2670000000000528ms
2018-02-07T14:13:08.573Z - normal: Simulator: AutoRelease: 0.25899999999990087ms
2018-02-07T14:13:08.573Z - normal: Simulator: Destroy: 0.23099999999999454ms
2018-02-07T14:13:08.574Z - normal: Simulator: AttachPersist: 0.0029999999999290594ms
2018-02-07T14:13:08.578Z - normal: Simulator: Hello World
2018-02-07T14:13:08.581Z - normal: Simulator: Activate: 7.758000000000038ms
2018-02-07T14:13:09.738Z - normal: Simulator: onButtonRoll888
2018-02-07T14:13:10.139Z - normal: Simulator: onButtonRoll888
2018-02-07T14:13:11.122Z - normal: Simulator: onButtonJump999
2018-02-07T14:13:11.640Z - normal: Simulator: onButtonJump999
2018-02-07T14:13:13.810Z - normal: Simulator: HttpClient singleton is nullptr
2018-02-07T14:13:13.838Z - normal: Simulator: basic_object_finalize 0x133e26a0 ...
2018-02-07T14:13:13.839Z - normal: Simulator: jsbindings: finalizing JS object 0x133e26d0 (WebSocket)
2018-02-07T14:13:13.839Z - normal: Simulator: jsbindings: finalizing JS object 0x133e2700 (SocketIO)
2018-02-07T14:13:13.839Z - normal: Simulator: JavaScriptObjCBridge_finalize 0x133e2790 ...
2018-02-07T14:13:13.839Z - normal: Simulator: JavaScriptObjCBridge_finalize 0x133e2a00 ...
2018-02-07T14:15:18.782Z - normal: Simulator: WORKAREA WIDTH 1440.00, HEIGHT 810.00
2018-02-07T14:15:18.784Z - normal: Simulator: FRAME SCALE = 1.00
2018-02-07T14:15:18.789Z - normal: Simulator: GLFWError #65544 Happen, Cocoa: Failed to retrieve display name
2018-02-07T14:15:18.793Z - normal: Simulator: GLFWError #65544 Happen, Cocoa: Failed to retrieve display name
2018-02-07T14:15:18.793Z - normal: Simulator: GLFWError #65544 Happen, Cocoa: Failed to retrieve display name
2018-02-07T14:15:18.871Z - normal: Simulator: 
2018-02-07T14:15:18.872Z - normal: Simulator: {
2018-02-07T14:15:18.872Z - normal: Simulator: 	gl.supports_OES_map_buffer: false
2018-02-07T14:15:18.872Z - normal: Simulator: 	gl.supports_vertex_array_object: true
2018-02-07T14:15:18.891Z - normal: Simulator: 	cocos2d.x.version: 1.6.2
2018-02-07T14:15:18.891Z - normal: Simulator: 	gl.vendor: ATI Technologies Inc.
2018-02-07T14:15:18.891Z - normal: Simulator: 	gl.supports_PVRTC: false
2018-02-07T14:15:18.891Z - normal: Simulator: 	gl.renderer: AMD Radeon Pro 460 OpenGL Engine
2018-02-07T14:15:18.892Z - normal: Simulator: 	cocos2d.x.compiled_with_profiler: false
2018-02-07T14:15:18.892Z - normal: Simulator: 	gl.max_texture_size: 16384
2018-02-07T14:15:18.892Z - normal: Simulator: 	gl.supports_ETC1: false
2018-02-07T14:15:18.892Z - normal: Simulator: 	gl.supports_BGRA8888: false
2018-02-07T14:15:18.892Z - normal: Simulator: 	cocos2d.x.build_type: DEBUG
2018-02-07T14:15:18.893Z - normal: Simulator: 	gl.max_texture_units: 16
2018-02-07T14:15:18.893Z - normal: Simulator: 	gl.supports_OES_packed_depth_stencil: false
2018-02-07T14:15:18.893Z - normal: Simulator: 	gl.supports_discard_framebuffer: false
2018-02-07T14:15:18.893Z - normal: Simulator: 	gl.supports_NPOT: true
2018-02-07T14:15:18.894Z - normal: Simulator: 	gl.version: 2.1 ATI-1.60.26
2018-02-07T14:15:18.894Z - normal: Simulator: 	cocos2d.x.compiled_with_gl_state_cache: true
2018-02-07T14:15:18.894Z - normal: Simulator: 	gl.supports_OES_depth24: false
2018-02-07T14:15:18.894Z - normal: Simulator: }
2018-02-07T14:15:18.895Z - normal: Simulator: 
2018-02-07T14:15:18.895Z - normal: Simulator: 
2018-02-07T14:15:18.896Z - normal: Simulator: cocos2d: warning, Director::setProjection() failed because size is 0
2018-02-07T14:15:18.919Z - normal: Simulator: Project Config:
2018-02-07T14:15:18.920Z - normal: Simulator:     project dir: /Applications/CocosCreator.app/Contents/Resources/cocos2d-x/simulator/mac/Simulator.app/Contents/Resources/
2018-02-07T14:15:18.920Z - normal: Simulator:     writable path: $(PROJDIR)/
2018-02-07T14:15:18.921Z - normal: Simulator:     script file: $(PROJDIR)/main.js
2018-02-07T14:15:18.921Z - normal: Simulator:     frame size: 960 x 640
2018-02-07T14:15:18.921Z - normal: Simulator:     frame scale: 1.00
2018-02-07T14:15:18.921Z - normal: Simulator:     show console: NO
2018-02-07T14:15:18.925Z - normal: Simulator:     write debug log: NO ()
2018-02-07T14:15:18.925Z - normal: Simulator:     listen: 
2018-02-07T14:15:18.925Z - normal: Simulator:     debugger: none
2018-02-07T14:15:18.925Z - normal: Simulator:     add searching path:
2018-02-07T14:15:18.925Z - normal: Simulator: 
2018-02-07T14:15:18.926Z - normal: Simulator: 
2018-02-07T14:15:18.926Z - normal: Simulator: 
2018-02-07T14:15:18.926Z - normal: Simulator: ------------------------------------------------
2018-02-07T14:15:18.926Z - normal: Simulator: LOAD Js FILE: main.js
2018-02-07T14:15:18.926Z - normal: Simulator: ------------------------------------------------
2018-02-07T14:15:19.003Z - normal: Simulator: Cocos2d-x-lite v1.6.0
2018-02-07T14:15:19.292Z - normal: Simulator: iShow!
2018-02-07T14:15:19.523Z - normal: Simulator: InitScene: 1.2730000000000246ms
2018-02-07T14:15:19.523Z - normal: Simulator: AutoRelease: 0.28099999999994907ms
2018-02-07T14:15:19.523Z - normal: Simulator: Destroy: 0.2379999999999427ms
2018-02-07T14:15:19.524Z - normal: Simulator: AttachPersist: 0.004000000000019099ms
2018-02-07T14:15:19.527Z - normal: Simulator: Hello World
2018-02-07T14:15:19.531Z - normal: Simulator: Activate: 7.317999999999984ms
2018-02-07T14:15:20.467Z - normal: Simulator: touchStart
2018-02-07T14:15:20.601Z - normal: Simulator: touchEnd
2018-02-07T14:15:21.254Z - normal: Simulator: touchStart
2018-02-07T14:15:21.850Z - normal: Simulator: touchEnd
2018-02-07T14:15:26.730Z - normal: Simulator: HttpClient singleton is nullptr
2018-02-07T14:15:26.759Z - normal: Simulator: basic_object_finalize 0xcde26a0 ...
2018-02-07T14:15:26.759Z - normal: Simulator: jsbindings: finalizing JS object 0xcde26d0 (WebSocket)
2018-02-07T14:15:26.759Z - normal: Simulator: jsbindings: finalizing JS object 0xcde2700 (SocketIO)
2018-02-07T14:15:26.760Z - normal: Simulator: JavaScriptObjCBridge_finalize 0xcde2790 ...
2018-02-07T14:15:26.760Z - normal: Simulator: JavaScriptObjCBridge_finalize 0xcde2a00 ...
2018-02-07T14:16:09.490Z - normal: Simulator: WORKAREA WIDTH 1440.00, HEIGHT 810.00
2018-02-07T14:16:09.490Z - normal: Simulator: FRAME SCALE = 1.00
2018-02-07T14:16:09.496Z - normal: Simulator: GLFWError #65544 Happen, Cocoa: Failed to retrieve display name
2018-02-07T14:16:09.497Z - normal: Simulator: GLFWError #65544 Happen, Cocoa: Failed to retrieve display name
2018-02-07T14:16:09.498Z - normal: Simulator: GLFWError #65544 Happen, Cocoa: Failed to retrieve display name
2018-02-07T14:16:09.597Z - normal: Simulator: 
2018-02-07T14:16:09.597Z - normal: Simulator: {
2018-02-07T14:16:09.597Z - normal: Simulator: 	gl.supports_OES_map_buffer: false
2018-02-07T14:16:09.598Z - normal: Simulator: 	gl.supports_vertex_array_object: true
2018-02-07T14:16:09.598Z - normal: Simulator: 	cocos2d.x.version: 1.6.2
2018-02-07T14:16:09.598Z - normal: Simulator: 	gl.vendor: ATI Technologies Inc.
2018-02-07T14:16:09.598Z - normal: Simulator: 	gl.supports_PVRTC: false
2018-02-07T14:16:09.598Z - normal: Simulator: 	gl.renderer: AMD Radeon Pro 460 OpenGL Engine
2018-02-07T14:16:09.599Z - normal: Simulator: 	cocos2d.x.compiled_with_profiler: false
2018-02-07T14:16:09.599Z - normal: Simulator: 	gl.max_texture_size: 16384
2018-02-07T14:16:09.599Z - normal: Simulator: 	gl.supports_ETC1: false
2018-02-07T14:16:09.599Z - normal: Simulator: 	gl.supports_BGRA8888: false
2018-02-07T14:16:09.600Z - normal: Simulator: 	cocos2d.x.build_type: DEBUG
2018-02-07T14:16:09.600Z - normal: Simulator: 	gl.max_texture_units: 16
2018-02-07T14:16:09.600Z - normal: Simulator: 	gl.supports_OES_packed_depth_stencil: false
2018-02-07T14:16:09.600Z - normal: Simulator: 	gl.supports_discard_framebuffer: false
2018-02-07T14:16:09.601Z - normal: Simulator: 	gl.supports_NPOT: true
2018-02-07T14:16:09.601Z - normal: Simulator: 	gl.version: 2.1 ATI-1.60.26
2018-02-07T14:16:09.602Z - normal: Simulator: 	cocos2d.x.compiled_with_gl_state_cache: true
2018-02-07T14:16:09.602Z - normal: Simulator: 	gl.supports_OES_depth24: false
2018-02-07T14:16:09.602Z - normal: Simulator: }
2018-02-07T14:16:09.602Z - normal: Simulator: 
2018-02-07T14:16:09.603Z - normal: Simulator: 
2018-02-07T14:16:09.603Z - normal: Simulator: cocos2d: warning, Director::setProjection() failed because size is 0
2018-02-07T14:16:09.628Z - normal: Simulator: Project Config:
2018-02-07T14:16:09.628Z - normal: Simulator:     project dir: /Applications/CocosCreator.app/Contents/Resources/cocos2d-x/simulator/mac/Simulator.app/Contents/Resources/
2018-02-07T14:16:09.629Z - normal: Simulator:     writable path: $(PROJDIR)/
2018-02-07T14:16:09.629Z - normal: Simulator:     script file: $(PROJDIR)/main.js
2018-02-07T14:16:09.630Z - normal: Simulator:     frame size: 960 x 640
2018-02-07T14:16:09.630Z - normal: Simulator:     frame scale: 1.00
2018-02-07T14:16:09.630Z - normal: Simulator:     show console: NO
2018-02-07T14:16:09.630Z - normal: Simulator:     write debug log: NO ()
2018-02-07T14:16:09.630Z - normal: Simulator:     listen: 
2018-02-07T14:16:09.631Z - normal: Simulator:     debugger: none
2018-02-07T14:16:09.631Z - normal: Simulator:     add searching path:
2018-02-07T14:16:09.631Z - normal: Simulator: ------------------------------------------------
2018-02-07T14:16:09.631Z - normal: Simulator: LOAD Js FILE: main.js
2018-02-07T14:16:09.632Z - normal: Simulator: ------------------------------------------------
2018-02-07T14:16:09.715Z - normal: Simulator: Cocos2d-x-lite v1.6.0
2018-02-07T14:16:10.003Z - normal: Simulator: iShow!
2018-02-07T14:16:10.242Z - normal: Simulator: InitScene: 1.2559999999999718ms
2018-02-07T14:16:10.243Z - normal: Simulator: AutoRelease: 0.2239999999999327ms
2018-02-07T14:16:10.243Z - normal: Simulator: Destroy: 0.22100000000000364ms
2018-02-07T14:16:10.243Z - normal: Simulator: AttachPersist: 0.004000000000019099ms
2018-02-07T14:16:10.246Z - normal: Simulator: Hello World
2018-02-07T14:16:10.255Z - normal: Simulator: Activate: 7.42999999999995ms
2018-02-07T14:16:12.936Z - normal: Simulator: HttpClient singleton is nullptr
2018-02-07T14:16:12.971Z - normal: Simulator: basic_object_finalize 0x154e26a0 ...
2018-02-07T14:16:12.971Z - normal: Simulator: jsbindings: finalizing JS object 0x154e26d0 (WebSocket)
2018-02-07T14:16:12.972Z - normal: Simulator: jsbindings: finalizing JS object 0x154e2700 (SocketIO)
2018-02-07T14:16:12.972Z - normal: Simulator: JavaScriptObjCBridge_finalize 0x154e2790 ...
2018-02-07T14:16:12.972Z - normal: Simulator: JavaScriptObjCBridge_finalize 0x154e2a00 ...
2018-02-07T14:17:37.655Z - normal: Simulator: WORKAREA WIDTH 1440.00, HEIGHT 810.00
2018-02-07T14:17:37.656Z - normal: Simulator: FRAME SCALE = 1.00
2018-02-07T14:17:37.662Z - normal: Simulator: GLFWError #65544 Happen, Cocoa: Failed to retrieve display name
2018-02-07T14:17:37.663Z - normal: Simulator: GLFWError #65544 Happen, Cocoa: Failed to retrieve display name
2018-02-07T14:17:37.664Z - normal: Simulator: GLFWError #65544 Happen, Cocoa: Failed to retrieve display name
2018-02-07T14:17:37.751Z - normal: Simulator: 
2018-02-07T14:17:37.751Z - normal: Simulator: {
2018-02-07T14:17:37.752Z - normal: Simulator: 	gl.supports_OES_map_buffer: false
2018-02-07T14:17:37.752Z - normal: Simulator: 	gl.supports_vertex_array_object: true
2018-02-07T14:17:37.752Z - normal: Simulator: 	cocos2d.x.version: 1.6.2
2018-02-07T14:17:37.754Z - normal: Simulator: 	gl.vendor: ATI Technologies Inc.
2018-02-07T14:17:37.756Z - normal: Simulator: 	gl.supports_PVRTC: false
2018-02-07T14:17:37.756Z - normal: Simulator: 	gl.renderer: AMD Radeon Pro 460 OpenGL Engine
2018-02-07T14:17:37.780Z - normal: Simulator: 	cocos2d.x.compiled_with_profiler: false
2018-02-07T14:17:37.780Z - normal: Simulator: 	gl.max_texture_size: 16384
2018-02-07T14:17:37.781Z - normal: Simulator: 	gl.supports_ETC1: false
2018-02-07T14:17:37.781Z - normal: Simulator: 	gl.supports_BGRA8888: false
2018-02-07T14:17:37.781Z - normal: Simulator: 	cocos2d.x.build_type: DEBUG
2018-02-07T14:17:37.781Z - normal: Simulator: 	gl.max_texture_units: 16
2018-02-07T14:17:37.781Z - normal: Simulator: 	gl.supports_OES_packed_depth_stencil: false
2018-02-07T14:17:37.782Z - normal: Simulator: 	gl.supports_discard_framebuffer: false
2018-02-07T14:17:37.782Z - normal: Simulator: 	gl.supports_NPOT: true
2018-02-07T14:17:37.782Z - normal: Simulator: 	gl.version: 2.1 ATI-1.60.26
2018-02-07T14:17:37.782Z - normal: Simulator: 	cocos2d.x.compiled_with_gl_state_cache: true
2018-02-07T14:17:37.782Z - normal: Simulator: 	gl.supports_OES_depth24: false
2018-02-07T14:17:37.783Z - normal: Simulator: }
2018-02-07T14:17:37.783Z - normal: Simulator: 
2018-02-07T14:17:37.783Z - normal: Simulator: 
2018-02-07T14:17:37.784Z - normal: Simulator: cocos2d: warning, Director::setProjection() failed because size is 0
2018-02-07T14:17:37.802Z - normal: Simulator: Project Config:
2018-02-07T14:17:37.802Z - normal: Simulator:     project dir: /Applications/CocosCreator.app/Contents/Resources/cocos2d-x/simulator/mac/Simulator.app/Contents/Resources/
2018-02-07T14:17:37.802Z - normal: Simulator:     writable path: $(PROJDIR)/
2018-02-07T14:17:37.803Z - normal: Simulator:     script file: $(PROJDIR)/main.js
2018-02-07T14:17:37.803Z - normal: Simulator:     frame size: 960 x 640
2018-02-07T14:17:37.803Z - normal: Simulator:     frame scale: 1.00
2018-02-07T14:17:37.804Z - normal: Simulator:     show console: NO
2018-02-07T14:17:37.804Z - normal: Simulator:     write debug log: NO ()
2018-02-07T14:17:37.805Z - normal: Simulator:     listen: 
2018-02-07T14:17:37.805Z - normal: Simulator:     debugger: none
2018-02-07T14:17:37.805Z - normal: Simulator:     add searching path:
2018-02-07T14:17:37.805Z - normal: Simulator: ------------------------------------------------
2018-02-07T14:17:37.805Z - normal: Simulator: LOAD Js FILE: main.js
2018-02-07T14:17:37.806Z - normal: Simulator: ------------------------------------------------
2018-02-07T14:17:37.890Z - normal: Simulator: Cocos2d-x-lite v1.6.0
2018-02-07T14:17:38.199Z - normal: Simulator: iShow!
2018-02-07T14:17:38.447Z - normal: Simulator: InitScene: 1.3099999999999454ms
2018-02-07T14:17:38.447Z - normal: Simulator: AutoRelease: 0.26900000000000546ms
2018-02-07T14:17:38.447Z - normal: Simulator: Destroy: 0.2259999999999991ms
2018-02-07T14:17:38.448Z - normal: Simulator: AttachPersist: 0.004000000000019099ms
2018-02-07T14:17:38.454Z - normal: Simulator: Hello World
2018-02-07T14:17:38.456Z - normal: Simulator: Activate: 8.571000000000026ms
2018-02-07T14:17:39.328Z - normal: Simulator: onAnimationChange Jump
2018-02-07T14:17:40.318Z - normal: Simulator: onAnimationChange Jump
2018-02-07T14:17:41.333Z - normal: Simulator: callBackDownOver
2018-02-07T14:17:41.901Z - normal: Simulator: onAnimationChange Jump
2018-02-07T14:17:42.334Z - normal: Simulator: callBackDownOver
2018-02-07T14:17:42.750Z - normal: Simulator: touchStart
2018-02-07T14:17:42.873Z - normal: Simulator: touchEnd
2018-02-07T14:17:43.917Z - normal: Simulator: callBackDownOver
2018-02-07T14:17:43.958Z - normal: Simulator: onAnimationChange Jump
2018-02-07T14:17:44.467Z - normal: Simulator: onAnimationChange Jump
2018-02-07T14:17:45.085Z - normal: Simulator: onAnimationChange Jump
2018-02-07T14:17:45.300Z - normal: Simulator: onAnimationChange Jump
2018-02-07T14:17:45.600Z - normal: Simulator: onAnimationChange Jump
2018-02-07T14:17:45.783Z - normal: Simulator: onAnimationChange Jump
2018-02-07T14:17:45.967Z - normal: Simulator: callBackDownOver
2018-02-07T14:17:46.003Z - normal: Simulator: onAnimationChange Jump
2018-02-07T14:17:46.233Z - normal: Simulator: onAnimationChange Jump
2018-02-07T14:17:46.483Z - normal: Simulator: callBackDownOver
2018-02-07T14:17:46.651Z - normal: Simulator: onAnimationChange Jump
2018-02-07T14:17:46.850Z - normal: Simulator: onAnimationChange Jump
2018-02-07T14:17:47.069Z - normal: Simulator: onAnimationChange Jump
2018-02-07T14:17:47.104Z - normal: Simulator: callBackDownOver
2018-02-07T14:17:47.267Z - normal: Simulator: onAnimationChange Jump
2018-02-07T14:17:47.302Z - normal: Simulator: callBackDownOver
2018-02-07T14:17:47.468Z - normal: Simulator: onAnimationChange Jump
2018-02-07T14:17:47.617Z - normal: Simulator: callBackDownOver
2018-02-07T14:17:47.683Z - normal: Simulator: onAnimationChange Jump
2018-02-07T14:17:47.799Z - normal: Simulator: callBackDownOver
2018-02-07T14:17:47.852Z - normal: Simulator: onAnimationChange Jump
2018-02-07T14:17:48.017Z - normal: Simulator: callBackDownOver
2018-02-07T14:17:48.069Z - normal: Simulator: onAnimationChange Jump
2018-02-07T14:17:48.250Z - normal: Simulator: callBackDownOver
2018-02-07T14:17:48.271Z - normal: Simulator: onAnimationChange Jump
2018-02-07T14:17:48.667Z - normal: Simulator: callBackDownOver
2018-02-07T14:17:48.867Z - normal: Simulator: callBackDownOver
2018-02-07T14:17:49.084Z - normal: Simulator: callBackDownOver
2018-02-07T14:17:49.283Z - normal: Simulator: callBackDownOver
2018-02-07T14:17:49.484Z - normal: Simulator: callBackDownOver
2018-02-07T14:17:49.700Z - normal: Simulator: callBackDownOver
2018-02-07T14:17:49.868Z - normal: Simulator: callBackDownOver
2018-02-07T14:17:50.089Z - normal: Simulator: callBackDownOver
2018-02-07T14:17:50.283Z - normal: Simulator: callBackDownOver
2018-02-07T14:17:51.984Z - normal: Simulator: onAnimationChange Jump
2018-02-07T14:17:52.817Z - normal: Simulator: touchStart
2018-02-07T14:17:52.933Z - normal: Simulator: touchEnd
2018-02-07T14:17:53.116Z - normal: Simulator: touchStart
2018-02-07T14:17:53.750Z - normal: Simulator: touchEnd
2018-02-07T14:17:53.934Z - normal: Simulator: touchStart
2018-02-07T14:17:53.985Z - normal: Simulator: callBackDownOver
2018-02-07T14:17:54.068Z - normal: Simulator: touchEnd
2018-02-07T14:17:55.216Z - normal: Simulator: onAnimationChange Jump
2018-02-07T14:17:57.220Z - normal: Simulator: callBackDownOver
2018-02-07T14:17:57.862Z - normal: Simulator: onAnimationChange Jump
2018-02-07T14:17:59.791Z - normal: Simulator: callBackDownOver
2018-02-07T14:18:00.167Z - normal: Simulator: onAnimationChange Jump
2018-02-07T14:18:02.184Z - normal: Simulator: callBackDownOver
2018-02-07T14:18:02.968Z - normal: Simulator: onAnimationChange Jump
2018-02-07T14:18:04.983Z - normal: Simulator: callBackDownOver
2018-02-07T14:18:05.483Z - normal: Simulator: onAnimationChange Jump
2018-02-07T14:18:07.500Z - normal: Simulator: callBackDownOver
2018-02-07T14:18:08.652Z - normal: Simulator: onAnimationChange Jump
2018-02-07T14:18:10.667Z - normal: Simulator: callBackDownOver
2018-02-07T14:18:11.267Z - normal: Simulator: onAnimationChange Jump
2018-02-07T14:18:13.284Z - normal: Simulator: callBackDownOver
2018-02-07T14:18:13.343Z - normal: Simulator: onAnimationChange Jump
2018-02-07T14:18:15.035Z - normal: Simulator: onAnimationChange Jump
2018-02-07T14:18:15.351Z - normal: Simulator: callBackDownOver
2018-02-07T14:18:17.050Z - normal: Simulator: callBackDownOver
2018-02-07T14:18:17.732Z - normal: Simulator: onAnimationChange Jump
2018-02-07T14:18:18.800Z - normal: Simulator: onAnimationChange Jump
2018-02-07T14:18:19.749Z - normal: Simulator: callBackDownOver
2018-02-07T14:18:20.799Z - normal: Simulator: callBackDownOver
2018-02-07T14:18:21.085Z - normal: Simulator: onAnimationChange Jump
2018-02-07T14:18:22.016Z - normal: Simulator: touchStart
2018-02-07T14:18:22.150Z - normal: Simulator: touchEnd
2018-02-07T14:18:22.667Z - normal: Simulator: touchStart
2018-02-07T14:18:22.750Z - normal: Simulator: touchEnd
2018-02-07T14:18:22.866Z - normal: Simulator: touchStart
2018-02-07T14:18:22.983Z - normal: Simulator: touchEnd
2018-02-07T14:18:23.100Z - normal: Simulator: touchStart
2018-02-07T14:18:23.100Z - normal: Simulator: callBackDownOver
2018-02-07T14:18:23.167Z - normal: Simulator: touchEnd
2018-02-07T14:18:23.267Z - normal: Simulator: touchStart
2018-02-07T14:18:23.366Z - normal: Simulator: touchEnd
2018-02-07T14:18:23.483Z - normal: Simulator: touchStart
2018-02-07T14:18:23.537Z - normal: Simulator: touchEnd
2018-02-07T14:18:23.652Z - normal: Simulator: touchStart
2018-02-07T14:18:23.717Z - normal: Simulator: touchEnd
2018-02-07T14:18:23.866Z - normal: Simulator: touchStart
2018-02-07T14:18:23.901Z - normal: Simulator: touchEnd
2018-02-07T14:18:24.017Z - normal: Simulator: touchStart
2018-02-07T14:18:24.101Z - normal: Simulator: touchEnd
2018-02-07T14:18:24.217Z - normal: Simulator: touchStart
2018-02-07T14:18:24.267Z - normal: Simulator: touchEnd
2018-02-07T14:18:24.383Z - normal: Simulator: touchStart
2018-02-07T14:18:24.451Z - normal: Simulator: touchEnd
2018-02-07T14:18:24.517Z - normal: Simulator: touchStart
2018-02-07T14:18:24.650Z - normal: Simulator: touchEnd
2018-02-07T14:18:24.766Z - normal: Simulator: touchStart
2018-02-07T14:18:25.400Z - normal: Simulator: touchEnd
2018-02-07T14:18:25.700Z - normal: Simulator: touchStart
2018-02-07T14:18:25.899Z - normal: Simulator: touchEnd
2018-02-07T14:18:25.983Z - normal: Simulator: touchStart
2018-02-07T14:18:26.052Z - normal: Simulator: touchEnd
2018-02-07T14:18:26.176Z - normal: Simulator: touchStart
2018-02-07T14:18:26.218Z - normal: Simulator: touchEnd
2018-02-07T14:18:26.333Z - normal: Simulator: touchStart
2018-02-07T14:18:26.387Z - normal: Simulator: touchEnd
2018-02-07T14:18:26.508Z - normal: Simulator: touchStart
2018-02-07T14:18:26.568Z - normal: Simulator: touchEnd
2018-02-07T14:18:26.633Z - normal: Simulator: touchStart
2018-02-07T14:18:26.716Z - normal: Simulator: touchEnd
2018-02-07T14:18:26.817Z - normal: Simulator: touchStart
2018-02-07T14:18:26.885Z - normal: Simulator: touchEnd
2018-02-07T14:18:27.000Z - normal: Simulator: touchStart
2018-02-07T14:18:27.084Z - normal: Simulator: touchEnd
2018-02-07T14:18:27.550Z - normal: Simulator: touchStart
2018-02-07T14:18:28.334Z - normal: Simulator: touchEnd
2018-02-07T14:18:28.734Z - normal: Simulator: touchStart
2018-02-07T14:18:29.436Z - normal: Simulator: touchEnd
2018-02-07T14:18:29.816Z - normal: Simulator: touchStart
2018-02-07T14:18:30.583Z - normal: Simulator: touchEnd
2018-02-07T14:18:31.084Z - normal: Simulator: touchStart
2018-02-07T14:18:32.034Z - normal: Simulator: touchEnd
2018-02-07T14:18:32.383Z - normal: Simulator: touchStart
2018-02-07T14:18:33.317Z - normal: Simulator: touchEnd
2018-02-07T14:18:33.835Z - normal: Simulator: touchStart
2018-02-07T14:18:34.633Z - normal: Simulator: touchEnd
2018-02-07T14:18:35.050Z - normal: Simulator: touchStart
2018-02-07T14:18:35.766Z - normal: Simulator: touchEnd
2018-02-07T14:18:36.132Z - normal: Simulator: touchStart
2018-02-07T14:18:36.800Z - normal: Simulator: touchEnd
2018-02-07T14:18:37.150Z - normal: Simulator: touchStart
2018-02-07T14:18:37.753Z - normal: Simulator: touchEnd
2018-02-07T14:18:38.068Z - normal: Simulator: touchStart
2018-02-07T14:18:38.584Z - normal: Simulator: touchEnd
2018-02-07T14:18:38.917Z - normal: Simulator: touchStart
2018-02-07T14:18:39.333Z - normal: Simulator: touchEnd
2018-02-07T14:18:39.684Z - normal: Simulator: touchStart
2018-02-07T14:18:40.217Z - normal: Simulator: touchEnd
2018-02-07T14:18:40.516Z - normal: Simulator: touchStart
2018-02-07T14:18:41.117Z - normal: Simulator: touchEnd
2018-02-07T14:18:41.417Z - normal: Simulator: touchStart
2018-02-07T14:18:42.207Z - normal: Simulator: touchEnd
2018-02-07T14:18:43.073Z - normal: Simulator: touchStart
2018-02-07T14:18:43.484Z - normal: Simulator: touchEnd
2018-02-07T14:18:43.836Z - normal: Simulator: touchStart
2018-02-07T14:18:44.452Z - normal: Simulator: touchEnd
2018-02-07T14:18:44.784Z - normal: Simulator: touchStart
2018-02-07T14:18:45.352Z - normal: Simulator: touchEnd
2018-02-07T14:18:45.601Z - normal: Simulator: touchStart
2018-02-07T14:18:45.984Z - normal: Simulator: touchEnd
2018-02-07T14:18:46.334Z - normal: Simulator: touchStart
2018-02-07T14:18:47.001Z - normal: Simulator: touchEnd
2018-02-07T14:18:49.154Z - normal: Simulator: HttpClient singleton is nullptr
2018-02-07T14:18:49.199Z - normal: Simulator: basic_object_finalize 0x117e26a0 ...
2018-02-07T14:18:49.199Z - normal: Simulator: jsbindings: finalizing JS object 0x117e26d0 (WebSocket)
2018-02-07T14:18:49.200Z - normal: Simulator: jsbindings: finalizing JS object 0x117e2700 (SocketIO)
2018-02-07T14:18:49.200Z - normal: Simulator: JavaScriptObjCBridge_finalize 0x117e2790 ...
2018-02-07T14:18:49.200Z - normal: Simulator: JavaScriptObjCBridge_finalize 0x117e2a00 ...
2018-02-07T14:19:44.188Z - info: shutdown preview server
